0 info it worked if it ends with ok
1 verbose cli [ '/usr/local/Cellar/node5/5.11.1/bin/node',
1 verbose cli   '/usr/local/bin/npm',
1 verbose cli   'update',
1 verbose cli   '-g' ]
2 info using npm@3.9.5
3 info using node@v5.11.1
4 verbose stack Error: Missing required argument #1
4 verbose stack     at module.exports (/usr/local/lib/node_modules/npm/lib/install/mutate-into-logical-tree.js:12:3)
4 verbose stack     at /usr/local/lib/node_modules/npm/lib/outdated.js:78:5
4 verbose stack     at /usr/local/lib/node_modules/npm/lib/outdated.js:62:20
4 verbose stack     at thenHandleErrors (/usr/local/lib/node_modules/npm/node_modules/read-package-tree/rpt.js:230:5)
4 verbose stack     at f (/usr/local/lib/node_modules/npm/node_modules/once/once.js:17:25)
4 verbose stack     at thenProcessChildren (/usr/local/lib/node_modules/npm/node_modules/read-package-tree/rpt.js:191:20)
4 verbose stack     at f (/usr/local/lib/node_modules/npm/node_modules/once/once.js:17:25)
4 verbose stack     at thenSortChildren (/usr/local/lib/node_modules/npm/node_modules/read-package-tree/rpt.js:162:5)
4 verbose stack     at handleComplete (/usr/local/lib/node_modules/npm/node_modules/read-package-tree/rpt.js:20:14)
4 verbose stack     at /usr/local/lib/node_modules/npm/node_modules/read-package-tree/rpt.js:154:22
5 verbose cwd /Users/robsonke/.dotfiles
6 error Darwin 15.5.0
7 error argv "/usr/local/Cellar/node5/5.11.1/bin/node" "/usr/local/bin/npm" "update" "-g"
8 error node v5.11.1
9 error npm  v3.9.5
10 error code EMISSINGARG
11 error typeerror Error: Missing required argument #1
11 error typeerror     at module.exports (/usr/local/lib/node_modules/npm/lib/install/mutate-into-logical-tree.js:12:3)
11 error typeerror     at /usr/local/lib/node_modules/npm/lib/outdated.js:78:5
11 error typeerror     at /usr/local/lib/node_modules/npm/lib/outdated.js:62:20
11 error typeerror     at thenHandleErrors (/usr/local/lib/node_modules/npm/node_modules/read-package-tree/rpt.js:230:5)
11 error typeerror     at f (/usr/local/lib/node_modules/npm/node_modules/once/once.js:17:25)
11 error typeerror     at thenProcessChildren (/usr/local/lib/node_modules/npm/node_modules/read-package-tree/rpt.js:191:20)
11 error typeerror     at f (/usr/local/lib/node_modules/npm/node_modules/once/once.js:17:25)
11 error typeerror     at thenSortChildren (/usr/local/lib/node_modules/npm/node_modules/read-package-tree/rpt.js:162:5)
11 error typeerror     at handleComplete (/usr/local/lib/node_modules/npm/node_modules/read-package-tree/rpt.js:20:14)
11 error typeerror     at /usr/local/lib/node_modules/npm/node_modules/read-package-tree/rpt.js:154:22
12 error typeerror This is an error with npm itself. Please report this error at:
12 error typeerror     <http://github.com/npm/npm/issues>
13 verbose exit [ 1, true ]
